     1                                  ; category: additions / subtractions | problem set: a,b,c,d-byte, e,f,g,h-word | problem: 7
     2                                  bits 32
     3                                  
     4                                  global start
     5                                  
     6                                  extern exit
     7                                  import exit msvcrt.dll
     8                                  
     9                                  segment data use32 class=data
    10 00000000 03                          a db 3
    11 00000001 02                          b db 2
    12 00000002 01                          c db 1
    13                                  
    14                                  segment code use32 class=code
    15                                      start:
    16                                          
    17                                          ;(a+(b-c))*3
    18                                          
    19                                          ; BL = b-c = 2-1 = 1
    20 00000000 8A1D[01000000]                  mov BL, [b]
    21 00000006 2A1D[02000000]                  sub BL, [c]
    22                                          
    23                                          ; BL = a+BL = a+(b-c) = 3+1 = 4
    24 0000000C 021D[00000000]                  add BL, [a]
    25                                          
    26                                          ; AX = BL * 3 = 4*3 = 12
    27 00000012 66B80000                        mov AX, 0 
    28 00000016 B003                            mov AL, 3
    29 00000018 F6E3                            mul BL
    30                                          
    31                                          ; result in AX
    32                                          
    33 0000001A 6A00                            push    dword 0
    34 0000001C FF15[00000000]                  call    [exit]
