     1                                  ; category: additions / subtractions | problem set: a,b,c - bytes, d - word | problem: 7
     2                                  bits 32
     3                                  
     4                                  global start
     5                                  
     6                                  extern exit
     7                                  import exit msvcrt.dll
     8                                  
     9                                  segment data use32 class=data
    10 00000000 0100                        d dw 1
    11                                  
    12                                  segment code use32 class=code
    13                                      start:
    14                                          
    15                                          ;[100*(d+3)-10]/d
    16                                          
    17                                          ; DX = d+3 = 1+3 = 4
    18 00000000 668B15[00000000]                mov DX, [d]
    19 00000007 6683C203                        add DX, 3
    20                                          
    21                                          ; AX = 100*DX-10 = 100*4-10 = 390
    22 0000000B 66B86400                        mov AX, 100
    23 0000000F 66F7E2                          mul DX
    24 00000012 6683E80A                        sub AX, 10
    25                                          
    26                                          ; AX = AX / d
    27 00000016 668B15[00000000]                mov DX, [d] ; we use DX because we cannot div by a variable
    28 0000001D 66F7F2                          div DX
    29                                          
    30 00000020 668915[00000000]                mov word [d], DX
    31                                          
    32                                          ;result is in d ( and also AX )
    33                                          
    34 00000027 6A00                            push    dword 0
    35 00000029 FF15[00000000]                  call    [exit]
