     1                                  ; category: simple | problem: 7
     2                                  
     3                                  bits 32
     4                                  
     5                                  global start
     6                                  
     7                                  extern exit
     8                                  import exit msvcrt.dll
     9                                  
    10                                  segment data use32 class=data
    11                                      
    12                                  segment code use32 class=code
    13                                      start:
    14                                          
    15                                          ; 256 / 1
    16 00000000 66B80001                        mov AX, 256 ; AL only stores up to 255
    17 00000004 66BB0100                        mov BX, 1  
    18 00000008 66F7F3                          div BX ; AX = AX / BX = 256 / 1
    19                                          
    20 0000000B 6A00                            push    dword 0
    21 0000000D FF15[00000000]                  call    [exit]
