     1                                  ; LAB 5 - Exercise 7 
     2                                  ; Two byte strings S1 and S2 of the same length are given. Obtain the string D where each element contains the minimum of the corresponding elements from S1 and S2
     3                                  
     4                                  bits 32 
     5                                  global start        
     6                                  
     7                                  extern exit              
     8                                  import exit msvcrt.dll    
     9                                  
    10                                  segment data use32 class=data
    11                                  
    12                                      ; given strings
    13 00000000 313336323337                s1 db '1', '3', '6', '2', '3', '7'
    14                                      l equ $-s1 ; s1 and s2 have the same length
    15                                      
    16 00000006 363338313235                s2 db '6', '3', '8', '1', '2', '5'
    17                                      
    18 0000000C 00<rept>                    d times l db 0 ; d has the length of s1 / s2
    19                                  
    20                                  
    21                                  segment code use32 class=code
    22                                      start:
    23                                          
    24                                          ; ecx - number of loops we will do
    25 00000000 B906000000                      mov ecx, l
    26                                          
    27                                          ; esi - index of element in the string
    28 00000005 BE00000000                      mov esi, 0
    29                                          
    30                                          ; if length of strings != 0
    31 0000000A E321                            jecxz Ending
    32                                          Repeating:
    33                                          
    34 0000000C 8A86[00000000]                      mov al, [s1+esi]
    35 00000012 8A9E[06000000]                      mov bl, [s2+esi]
    36                                              
    37 00000018 38D8                                cmp al, bl
    38 0000001A 7208                                jb s1lower
    39                                              
    40                                                  ; this part happens only when s2[esi] < s1[esi]
    41 0000001C 889E[0C000000]                          mov [d+esi], bl
    42                                                  
    43                                                  ;jumps to the end
    44 00000022 EB06                                    jmp continue
    45                                              
    46                                              s1lower:
    47                                              
    48                                                  ; this part happends only when s1[esi] < s2[esi]
    49 00000024 8886[0C000000]                          mov [d+esi], al
    50                                              
    51                                              continue:
    52                                              
    53                                              ; get to the next index in the loop
    54 0000002A 46                                  inc esi
    55                                              
    56 0000002B E2DF                            loop Repeating
    57                                          Ending: 
    58                                          
    59 0000002D 6A00                            push    dword 0      
    60 0000002F FF15[00000000]                  call    [exit]       
