     1                                  ; LAB 5 - Exercise 7 
     2                                  ; Two byte string S1 and S2 are given, having the same length. Obtain the string D by intercalating the elements of the two strings.
     3                                  
     4                                  bits 32 
     5                                  global start        
     6                                  
     7                                  extern exit              
     8                                  import exit msvcrt.dll    
     9                                  
    10                                  segment data use32 class=data
    11                                  
    12                                      ; given strings
    13 00000000 31333537                    s1 db '1', '3', '5', '7'
    14                                      l equ $-s1 ; s1 and s2 have the same length
    15                                      
    16 00000004 32363934                    s2 db '2', '6', '9', '4'
    17                                      
    18 00000008 00<rept>                    d times 2*l db 0 ; d has the length 2*l
    19                                  
    20                                  
    21                                  segment code use32 class=code
    22                                      start:
    23                                          
    24                                          ; ecx - number of loops we will do
    25 00000000 B904000000                      mov ecx, l
    26                                          
    27                                          ; esi - index of element in s1 and s2, edi - index of element in d
    28 00000005 BE00000000                      mov esi, 0
    29 0000000A BF00000000                      mov edi, 0
    30                                          
    31                                          ; if length of strings != 0
    32 0000000F E31D                            jecxz Ending
    33                                          Repeating:
    34                                          
    35                                              ; add term from s1 in d at position edi
    36 00000011 8A86[00000000]                      mov al, [s1+esi]
    37 00000017 8887[08000000]                      mov [d+edi], al
    38 0000001D 47                                  inc edi
    39                                              
    40                                              ; add term from s2 in d at position edi+1
    41 0000001E 8A86[04000000]                      mov al, [s2+esi]
    42 00000024 8887[08000000]                      mov [d+edi], al
    43 0000002A 47                                  inc edi
    44                                              
    45                                              ; get to the next index in s1 / s2
    46 0000002B 46                                  inc esi
    47                                              
    48 0000002C E2E3                            loop Repeating
    49                                          Ending: 
    50                                          
    51 0000002E 6A00                            push    dword 0      
    52 00000030 FF15[00000000]                  call    [exit]       
