     1                                  ;Exercise 7 
     2                                  ; Given the words A and B, compute the doubleword C:
     3                                  ; the bits 0-4 of C have the value 1
     4                                  ; the bits 5-11 of C are the same as the bits 0-6 of A
     5                                  ; the bits 16-31 of C have the value 0000000001100101b
     6                                  ; the bits 12-15 of C are the same as the bits 8-11 of B
     7                                  
     8                                  bits 32 
     9                                  global start        
    10                                  
    11                                  extern exit               
    12                                  import exit msvcrt.dll    
    13                                  
    14                                  segment data use32 class=data
    15 00000000 5777                        a dw 0111011101010111b
    16 00000002 BE9B                        b dw 1001101110111110b
    17 00000004 00000000                    c dd 0
    18                                  
    19                                  segment code use32 class=code
    20                                      start:
    21                                      
    22                                          ; result in BX
    23 00000000 BB00000000                      mov EBX, 0
    24                                          
    25                                          ; the bits 0-2 of C are the same as the bits 10-12 of B
    26 00000005 66A1[02000000]                  mov AX, [b]
    27 0000000B 6625001C                        and AX, 0001110000000000b
    28 0000000F B10A                            mov CL, 10
    29 00000011 66D3C8                          ror AX, CL
    30 00000014 6609C3                          or BX, AX
    31                                      
    32                                          ; the bits 5-11 of C are the same as the bits 0-6 of A
    33 00000017 66A1[00000000]                  mov AX, [a]
    34 0000001D 6683E07F                        and AX, 0000000001111111b
    35 00000021 B105                            mov CL, 5
    36 00000023 66D3C0                          rol AX, CL
    37 00000026 6609C3                          or BX, AX
    38                                          
    39                                          ; the bits 12-15 of C are the same as the bits 8-11 of B
    40 00000029 66A1[02000000]                  mov AX, [b]
    41 0000002F 6625000F                        and AX, 0000111100000000b
    42 00000033 B104                            mov CL, 4
    43 00000035 66D3C0                          rol AX, CL
    44 00000038 6609C3                          or BX, AX
    45                                          
    46                                          ; the bits 16-31 of C have the value 0000000001100101b
    47 0000003B B865000000                      mov EAX, 0000000001100101b
    48 00000040 B110                            mov CL, 16
    49 00000042 D3C0                            rol EAX, CL
    50 00000044 09C3                            or EBX, EAX
    51                                          
    52                                          
    53 00000046 6A00                            push    dword 0      
    54 00000048 FF15[00000000]                  call    [exit]       
